<?xml version="1.0" encoding="UTF-8"?>
<!-- Generated by org.testng.reporters.JUnitXMLReporter -->
<testsuite ignored="4" hostname="MSI" failures="0" tests="3" name="Tests" time="63.841" errors="0" timestamp="2022-05-17T08:53:14 GMT+02:00">
  <testcase classname="Tests.PA1" name="PA1PS1" time="43.264"/>
  <testcase classname="Tests.PA2" name="PA2PS1" time="10.463"/>
  <testcase classname="Tests.PA3" name="PA3PS1" time="3.208"/>
  <testcase classname="Tests.TestsParameters" name="@BeforeTest SetUp" time="0.0">
    <ignored/>
  </testcase> <!-- @BeforeTest SetUp -->
  <testcase classname="Tests.TestsParameters" name="@AfterTest TearDown" time="0.0">
    <ignored/>
  </testcase> <!-- @AfterTest TearDown -->
  <testcase classname="Tests.TestsParameters" name="@AfterTest TearDown" time="0.0">
    <ignored/>
  </testcase> <!-- @AfterTest TearDown -->
  <testcase classname="Tests.TestsParameters" name="@BeforeTest SetUp" time="0.0">
    <ignored/>
  </testcase> <!-- @BeforeTest SetUp -->
</testsuite> <!-- Tests -->
