<?xml version="1.0" encoding="UTF-8"?>
<testng-results ignored="0" total="0" passed="0" failed="0" skipped="0">
  <reporter-output>
  </reporter-output>
  <suite started-at="2022-05-14T06:54:11 GMT+02:00" name="Tests.TestsParameters" finished-at="2022-05-14T06:54:21 GMT+02:00" duration-ms="9874">
    <groups>
    </groups>
    <test started-at="2022-05-14T06:54:11 GMT+02:00" name="Command line test" finished-at="2022-05-14T06:54:21 GMT+02:00" duration-ms="9874">
      <class name="Tests.TestsParameters">
        <test-method is-config="true" signature="SetUp()[pri:0, instance:Tests.TestsParameters@6166e06f]" started-at="2022-05-14T06:54:11 GMT+02:00" name="SetUp" finished-at="2022-05-14T06:54:20 GMT+02:00" duration-ms="9028" status="PASS">
          <reporter-output>
          </reporter-output>
        </test-method> <!-- SetUp -->
        <test-method is-config="true" signature="TearDown()[pri:0, instance:Tests.TestsParameters@6166e06f]" started-at="2022-05-14T06:54:20 GMT+02:00" name="TearDown" finished-at="2022-05-14T06:54:21 GMT+02:00" duration-ms="841" status="PASS">
          <reporter-output>
          </reporter-output>
        </test-method> <!-- TearDown -->
      </class> <!-- Tests.TestsParameters -->
    </test> <!-- Command line test -->
  </suite> <!-- Tests.TestsParameters -->
</testng-results>
