<?xml version="1.0" encoding="UTF-8"?>
<testng-results ignored="4" total="7" passed="3" failed="0" skipped="0">
  <reporter-output>
  </reporter-output>
  <suite started-at="2022-05-17T08:52:10 GMT+02:00" name="CalculatorTests" finished-at="2022-05-17T08:53:14 GMT+02:00" duration-ms="63841">
    <groups>
    </groups>
    <test started-at="2022-05-17T08:52:10 GMT+02:00" name="Tests" finished-at="2022-05-17T08:53:14 GMT+02:00" duration-ms="63841">
      <class name="Tests.PA2">
        <test-method signature="PA2PS1()[pri:0, instance:Tests.PA2@4f5991f6]" started-at="2022-05-17T08:52:59 GMT+02:00" name="PA2PS1" finished-at="2022-05-17T08:53:10 GMT+02:00" duration-ms="10463" status="PASS">
          <reporter-output>
          </reporter-output>
        </test-method> <!-- PA2PS1 -->
      </class> <!-- Tests.PA2 -->
      <class name="Tests.PA3">
        <test-method signature="PA3PS1()[pri:0, instance:Tests.PA3@484094a5]" started-at="2022-05-17T08:53:10 GMT+02:00" name="PA3PS1" finished-at="2022-05-17T08:53:13 GMT+02:00" duration-ms="3208" status="PASS">
          <reporter-output>
          </reporter-output>
        </test-method> <!-- PA3PS1 -->
      </class> <!-- Tests.PA3 -->
      <class name="Tests.PA1">
        <test-method is-config="true" signature="SetUp()[pri:0, instance:Tests.PA1@77128536]" started-at="2022-05-17T08:52:10 GMT+02:00" name="SetUp" finished-at="2022-05-17T08:52:16 GMT+02:00" duration-ms="5830" status="PASS">
          <reporter-output>
          </reporter-output>
        </test-method> <!-- SetUp -->
        <test-method signature="PA1PS1()[pri:0, instance:Tests.PA1@77128536]" started-at="2022-05-17T08:52:16 GMT+02:00" name="PA1PS1" finished-at="2022-05-17T08:52:59 GMT+02:00" duration-ms="43264" status="PASS">
          <reporter-output>
          </reporter-output>
        </test-method> <!-- PA1PS1 -->
        <test-method is-config="true" signature="TearDown()[pri:0, instance:Tests.PA1@77128536]" started-at="2022-05-17T08:53:13 GMT+02:00" name="TearDown" finished-at="2022-05-17T08:53:14 GMT+02:00" duration-ms="1046" status="PASS">
          <reporter-output>
          </reporter-output>
        </test-method> <!-- TearDown -->
      </class> <!-- Tests.PA1 -->
    </test> <!-- Tests -->
  </suite> <!-- CalculatorTests -->
</testng-results>
